TN:
SF:utils.js
FN:1,(anonymous_0)
FN:4,(anonymous_1)
FN:12,(anonymous_2)
FN:16,(anonymous_3)
FN:22,(anonymous_4)
FN:24,(anonymous_5)
FN:35,(anonymous_6)
FN:36,(anonymous_7)
FN:39,(anonymous_8)
FN:54,(anonymous_9)
FNF:10
FNH:10
FNDA:101,(anonymous_0)
FNDA:8,(anonymous_1)
FNDA:5,(anonymous_2)
FNDA:5,(anonymous_3)
FNDA:8,(anonymous_4)
FNDA:28,(anonymous_5)
FNDA:6,(anonymous_6)
FNDA:12,(anonymous_7)
FNDA:17,(anonymous_8)
FNDA:10,(anonymous_9)
DA:1,1
DA:2,101
DA:4,1
DA:5,8
DA:12,1
DA:13,5
DA:16,1
DA:17,5
DA:18,5
DA:19,5
DA:22,1
DA:23,8
DA:24,8
DA:25,28
DA:27,28
DA:30,28
DA:31,28
DA:35,1
DA:36,12
DA:37,6
DA:38,6
DA:39,6
DA:40,17
DA:41,17
DA:45,17
DA:46,9
DA:47,9
DA:49,17
DA:51,6
DA:54,1
DA:55,10
DA:56,10
DA:57,10
DA:58,10
DA:59,4
DA:60,10
DA:61,10
DA:62,10
LF:38
LH:38
BRDA:25,0,0,28
BRDA:25,0,1,8
BRDA:27,1,0,28
BRDA:27,1,1,12
BRDA:27,1,2,8
BRDA:27,1,3,8
BRDA:27,1,4,4
BRDA:31,2,0,28
BRDA:31,2,1,22
BRDA:31,2,2,18
BRDA:45,3,0,9
BRDA:45,3,1,8
BRDA:56,4,0,3
BRDA:56,4,1,7
BRDA:56,5,0,10
BRDA:56,5,1,8
BRDA:58,6,0,4
BRDA:58,6,1,6
BRDA:58,7,0,10
BRDA:58,7,1,8
BRDA:58,7,2,7
BRDA:60,8,0,2
BRDA:60,8,1,8
BRDA:61,9,0,2
BRDA:61,9,1,8
BRF:25
BRH:25
end_of_record
